<?xml version="1.0" encoding="UTF-8"?>
<testng-results ignored="0" total="40" passed="36" failed="4" skipped="0">
  <reporter-output>
  </reporter-output>
  <suite started-at="2023-02-27T20:09:19 IST" name="Suite" finished-at="2023-02-27T20:19:12 IST" duration-ms="593428">
    <groups>
    </groups>
    <test started-at="2023-02-27T20:09:19 IST" name="Test" finished-at="2023-02-27T20:19:12 IST" duration-ms="593428">
      <class name="TextNG.ToolTips">
        <test-method is-config="true" signature="setUp()[pri:0, instance:TextNG.ToolTips@36902638]" started-at="2023-02-27T20:16:20 IST" name="setUp" finished-at="2023-02-27T20:16:34 IST" duration-ms="14275" status="PASS">
          <reporter-output>
          </reporter-output>
        </test-method> <!-- setUp -->
        <test-method signature="verifyElements()[pri:0, instance:TextNG.ToolTips@36902638]" started-at="2023-02-27T20:16:34 IST" name="verifyElements" finished-at="2023-02-27T20:16:35 IST" duration-ms="744" status="PASS">
          <reporter-output>
          </reporter-output>
        </test-method> <!-- verifyElements -->
        <test-method is-config="true" signature="tearDown()[pri:0, instance:TextNG.ToolTips@36902638]" started-at="2023-02-27T20:16:35 IST" name="tearDown" finished-at="2023-02-27T20:16:35 IST" duration-ms="216" status="PASS">
          <reporter-output>
          </reporter-output>
        </test-method> <!-- tearDown -->
      </class> <!-- TextNG.ToolTips -->
      <class name="TextNG.SelectMenu">
        <test-method is-config="true" signature="setUp()[pri:0, instance:TextNG.SelectMenu@5c5eefef]" started-at="2023-02-27T20:11:51 IST" name="setUp" finished-at="2023-02-27T20:12:01 IST" duration-ms="10044" status="PASS">
          <reporter-output>
          </reporter-output>
        </test-method> <!-- setUp -->
        <test-method signature="verifyElements()[pri:0, instance:TextNG.SelectMenu@5c5eefef]" started-at="2023-02-27T20:12:01 IST" name="verifyElements" finished-at="2023-02-27T20:12:01 IST" duration-ms="282" status="PASS">
          <reporter-output>
          </reporter-output>
        </test-method> <!-- verifyElements -->
        <test-method is-config="true" signature="tearDown()[pri:0, instance:TextNG.SelectMenu@5c5eefef]" started-at="2023-02-27T20:12:01 IST" name="tearDown" finished-at="2023-02-27T20:12:02 IST" duration-ms="197" status="PASS">
          <reporter-output>
          </reporter-output>
        </test-method> <!-- tearDown -->
      </class> <!-- TextNG.SelectMenu -->
      <class name="TextNG.Draggable">
        <test-method is-config="true" signature="setUp()[pri:0, instance:TextNG.Draggable@16293aa2]" started-at="2023-02-27T20:12:02 IST" name="setUp" finished-at="2023-02-27T20:12:15 IST" duration-ms="13822" status="PASS">
          <reporter-output>
          </reporter-output>
        </test-method> <!-- setUp -->
        <test-method signature="verifyElements()[pri:0, instance:TextNG.Draggable@16293aa2]" started-at="2023-02-27T20:12:15 IST" name="verifyElements" finished-at="2023-02-27T20:12:16 IST" duration-ms="201" status="FAIL">
          <exception class="java.lang.IllegalArgumentException">
            <message>
              <![CDATA[Cannot find elements when the XPath is null.]]>
            </message>
            <full-stacktrace>
              <![CDATA[java.lang.IllegalArgumentException: Cannot find elements when the XPath is null.
at org.openqa.selenium.internal.Require$ArgumentChecker.nonNull(Require.java:92)
at org.openqa.selenium.By$ByXPath.<init>(By.java:287)
at org.openqa.selenium.By.xpath(By.java:89)
at TextNG.Draggable.verifyElements(Draggable.java:41)
at java.base/jdk.internal.reflect.NativeMethodAccessorImpl.invoke0(Native Method)
at java.base/jdk.internal.reflect.NativeMethodAccessorImpl.invoke(NativeMethodAccessorImpl.java:78)
at java.base/jdk.internal.reflect.DelegatingMethodAccessorImpl.invoke(DelegatingMethodAccessorImpl.java:43)
at java.base/java.lang.reflect.Method.invoke(Method.java:567)
at org.testng.internal.MethodInvocationHelper.invokeMethod(MethodInvocationHelper.java:133)
at org.testng.internal.TestInvoker.invokeMethod(TestInvoker.java:598)
at org.testng.internal.TestInvoker.invokeTestMethod(TestInvoker.java:173)
at org.testng.internal.MethodRunner.runInSequence(MethodRunner.java:46)
at org.testng.internal.TestInvoker$MethodInvocationAgent.invoke(TestInvoker.java:824)
at org.testng.internal.TestInvoker.invokeTestMethods(TestInvoker.java:146)
at org.testng.internal.TestMethodWorker.invokeTestMethods(TestMethodWorker.java:146)
at org.testng.internal.TestMethodWorker.run(TestMethodWorker.java:128)
at java.base/java.util.ArrayList.forEach(ArrayList.java:1511)
at org.testng.TestRunner.privateRun(TestRunner.java:794)
at org.testng.TestRunner.run(TestRunner.java:596)
at org.testng.SuiteRunner.runTest(SuiteRunner.java:377)
at org.testng.SuiteRunner.runSequentially(SuiteRunner.java:371)
at org.testng.SuiteRunner.privateRun(SuiteRunner.java:332)
at org.testng.SuiteRunner.run(SuiteRunner.java:276)
at org.testng.SuiteRunnerWorker.runSuite(SuiteRunnerWorker.java:53)
at org.testng.SuiteRunnerWorker.run(SuiteRunnerWorker.java:96)
at org.testng.TestNG.runSuitesSequentially(TestNG.java:1212)
at org.testng.TestNG.runSuitesLocally(TestNG.java:1134)
at org.testng.TestNG.runSuites(TestNG.java:1063)
at org.testng.TestNG.run(TestNG.java:1031)
at org.testng.remote.AbstractRemoteTestNG.run(AbstractRemoteTestNG.java:115)
at org.testng.remote.RemoteTestNG.initAndRun(RemoteTestNG.java:251)
at org.testng.remote.RemoteTestNG.main(RemoteTestNG.java:77)
]]>
            </full-stacktrace>
          </exception> <!-- java.lang.IllegalArgumentException -->
          <reporter-output>
          </reporter-output>
        </test-method> <!-- verifyElements -->
        <test-method is-config="true" signature="tearDown()[pri:0, instance:TextNG.Draggable@16293aa2]" started-at="2023-02-27T20:12:16 IST" name="tearDown" finished-at="2023-02-27T20:12:16 IST" duration-ms="439" status="PASS">
          <reporter-output>
          </reporter-output>
        </test-method> <!-- tearDown -->
      </class> <!-- TextNG.Draggable -->
      <class name="TextNG.WebTables">
        <test-method is-config="true" signature="setUp()[pri:0, instance:TextNG.WebTables@10e31a9a]" started-at="2023-02-27T20:17:57 IST" name="setUp" finished-at="2023-02-27T20:18:11 IST" duration-ms="14575" status="PASS">
          <reporter-output>
          </reporter-output>
        </test-method> <!-- setUp -->
        <test-method signature="verifyElements()[pri:0, instance:TextNG.WebTables@10e31a9a]" started-at="2023-02-27T20:18:11 IST" name="verifyElements" finished-at="2023-02-27T20:18:12 IST" duration-ms="722" status="PASS">
          <reporter-output>
          </reporter-output>
        </test-method> <!-- verifyElements -->
        <test-method is-config="true" signature="tearDown()[pri:0, instance:TextNG.WebTables@10e31a9a]" started-at="2023-02-27T20:18:12 IST" name="tearDown" finished-at="2023-02-27T20:18:12 IST" duration-ms="225" status="PASS">
          <reporter-output>
          </reporter-output>
        </test-method> <!-- tearDown -->
      </class> <!-- TextNG.WebTables -->
      <class name="TextNG.Frames">
        <test-method is-config="true" signature="setUp()[pri:0, instance:TextNG.Frames@2a798d51]" started-at="2023-02-27T20:09:53 IST" name="setUp" finished-at="2023-02-27T20:10:09 IST" duration-ms="15920" status="PASS">
          <reporter-output>
          </reporter-output>
        </test-method> <!-- setUp -->
        <test-method signature="verifyElements()[pri:0, instance:TextNG.Frames@2a798d51]" started-at="2023-02-27T20:10:09 IST" name="verifyElements" finished-at="2023-02-27T20:10:10 IST" duration-ms="1235" status="PASS">
          <reporter-output>
          </reporter-output>
        </test-method> <!-- verifyElements -->
        <test-method is-config="true" signature="tearDown()[pri:0, instance:TextNG.Frames@2a798d51]" started-at="2023-02-27T20:10:10 IST" name="tearDown" finished-at="2023-02-27T20:10:10 IST" duration-ms="263" status="PASS">
          <reporter-output>
          </reporter-output>
        </test-method> <!-- tearDown -->
      </class> <!-- TextNG.Frames -->
      <class name="TextNG.BookStore">
        <test-method is-config="true" signature="setUp()[pri:0, instance:TextNG.BookStore@74fe5c40]" started-at="2023-02-27T20:17:18 IST" name="setUp" finished-at="2023-02-27T20:17:33 IST" duration-ms="15304" status="PASS">
          <reporter-output>
          </reporter-output>
        </test-method> <!-- setUp -->
        <test-method signature="verifyElements()[pri:0, instance:TextNG.BookStore@74fe5c40]" started-at="2023-02-27T20:17:33 IST" name="verifyElements" finished-at="2023-02-27T20:17:34 IST" duration-ms="1172" status="FAIL">
          <exception class="org.openqa.selenium.ElementClickInterceptedException">
            <message>
              <![CDATA[element click intercepted: Element <h5>...</h5> is not clickable at point (153, 624). Other element would receive the click: <div id="fixedban" style="width:100%;margin:auto;text-align:center;float:none;overflow:hidden;display:scroll;position:fixed;bottom:0;z-index:9999999">...</div>
  (Session info: chrome=110.0.5481.177)
Build info: version: '4.0.0', revision: '3a21814679'
System info: host: 'DESKTOP-CQ2MLA2', ip: '192.168.1.6', os.name: 'Windows 10', os.arch: 'amd64', os.version: '10.0', java.version: '16.0.1'
Driver info: org.openqa.selenium.chrome.ChromeDriver
Command: [4f575b2c9aa2995c76b3d4590c03f3de, clickElement {id=feb54202-7ee1-4d0c-b0f7-d639ae6ec9ac}]
Capabilities {acceptInsecureCerts: false, browserName: chrome, browserVersion: 110.0.5481.177, chrome: {chromedriverVersion: 110.0.5481.77 (65ed616c6e8e..., userDataDir: C:\Users\Admin\AppData\Loca...}, goog:chromeOptions: {debuggerAddress: localhost:1644}, javascriptEnabled: true, networkConnectionEnabled: false, pageLoadStrategy: normal, platform: WINDOWS, platformName: WINDOWS, proxy: Proxy(), se:cdp: ws://localhost:1644/devtool..., se:cdpVersion: 110.0.5481.177, setWindowRect: true, strictFileInteractability: false, timeouts: {implicit: 0, pageLoad: 300000, script: 30000}, unhandledPromptBehavior: dismiss and notify, webauthn:extension:credBlob: true, webauthn:extension:largeBlob: true, webauthn:virtualAuthenticators: true}
Element: [[ChromeDriver: chrome on WINDOWS (4f575b2c9aa2995c76b3d4590c03f3de)] -> xpath: //h5[text()='Book Store Application']]
Session ID: 4f575b2c9aa2995c76b3d4590c03f3de]]>
            </message>
            <full-stacktrace>
              <![CDATA[org.openqa.selenium.ElementClickInterceptedException: element click intercepted: Element <h5>...</h5> is not clickable at point (153, 624). Other element would receive the click: <div id="fixedban" style="width:100%;margin:auto;text-align:center;float:none;overflow:hidden;display:scroll;position:fixed;bottom:0;z-index:9999999">...</div>
  (Session info: chrome=110.0.5481.177)
Build info: version: '4.0.0', revision: '3a21814679'
System info: host: 'DESKTOP-CQ2MLA2', ip: '192.168.1.6', os.name: 'Windows 10', os.arch: 'amd64', os.version: '10.0', java.version: '16.0.1'
Driver info: org.openqa.selenium.chrome.ChromeDriver
Command: [4f575b2c9aa2995c76b3d4590c03f3de, clickElement {id=feb54202-7ee1-4d0c-b0f7-d639ae6ec9ac}]
Capabilities {acceptInsecureCerts: false, browserName: chrome, browserVersion: 110.0.5481.177, chrome: {chromedriverVersion: 110.0.5481.77 (65ed616c6e8e..., userDataDir: C:\Users\Admin\AppData\Loca...}, goog:chromeOptions: {debuggerAddress: localhost:1644}, javascriptEnabled: true, networkConnectionEnabled: false, pageLoadStrategy: normal, platform: WINDOWS, platformName: WINDOWS, proxy: Proxy(), se:cdp: ws://localhost:1644/devtool..., se:cdpVersion: 110.0.5481.177, setWindowRect: true, strictFileInteractability: false, timeouts: {implicit: 0, pageLoad: 300000, script: 30000}, unhandledPromptBehavior: dismiss and notify, webauthn:extension:credBlob: true, webauthn:extension:largeBlob: true, webauthn:virtualAuthenticators: true}
Element: [[ChromeDriver: chrome on WINDOWS (4f575b2c9aa2995c76b3d4590c03f3de)] -> xpath: //h5[text()='Book Store Application']]
Session ID: 4f575b2c9aa2995c76b3d4590c03f3de
at java.base/jdk.internal.reflect.NativeConstructorAccessorImpl.newInstance0(Native Method)
at java.base/jdk.internal.reflect.NativeConstructorAccessorImpl.newInstance(NativeConstructorAccessorImpl.java:78)
at java.base/jdk.internal.reflect.DelegatingConstructorAccessorImpl.newInstance(DelegatingConstructorAccessorImpl.java:45)
at java.base/java.lang.reflect.Constructor.newInstanceWithCaller(Constructor.java:499)
at java.base/java.lang.reflect.Constructor.newInstance(Constructor.java:480)
at org.openqa.selenium.remote.codec.w3c.W3CHttpResponseCodec.createException(W3CHttpResponseCodec.java:200)
at org.openqa.selenium.remote.codec.w3c.W3CHttpResponseCodec.decode(W3CHttpResponseCodec.java:133)
at org.openqa.selenium.remote.codec.w3c.W3CHttpResponseCodec.decode(W3CHttpResponseCodec.java:53)
at org.openqa.selenium.remote.HttpCommandExecutor.execute(HttpCommandExecutor.java:184)
at org.openqa.selenium.remote.service.DriverCommandExecutor.invokeExecute(DriverCommandExecutor.java:164)
at org.openqa.selenium.remote.service.DriverCommandExecutor.execute(DriverCommandExecutor.java:139)
at org.openqa.selenium.remote.RemoteWebDriver.execute(RemoteWebDriver.java:559)
at org.openqa.selenium.remote.RemoteWebElement.execute(RemoteWebElement.java:251)
at org.openqa.selenium.remote.RemoteWebElement.click(RemoteWebElement.java:77)
at TextNG.BookStore.verifyElements(BookStore.java:40)
at java.base/jdk.internal.reflect.NativeMethodAccessorImpl.invoke0(Native Method)
at java.base/jdk.internal.reflect.NativeMethodAccessorImpl.invoke(NativeMethodAccessorImpl.java:78)
at java.base/jdk.internal.reflect.DelegatingMethodAccessorImpl.invoke(DelegatingMethodAccessorImpl.java:43)
at java.base/java.lang.reflect.Method.invoke(Method.java:567)
at org.testng.internal.MethodInvocationHelper.invokeMethod(MethodInvocationHelper.java:133)
at org.testng.internal.TestInvoker.invokeMethod(TestInvoker.java:598)
at org.testng.internal.TestInvoker.invokeTestMethod(TestInvoker.java:173)
at org.testng.internal.MethodRunner.runInSequence(MethodRunner.java:46)
at org.testng.internal.TestInvoker$MethodInvocationAgent.invoke(TestInvoker.java:824)
at org.testng.internal.TestInvoker.invokeTestMethods(TestInvoker.java:146)
at org.testng.internal.TestMethodWorker.invokeTestMethods(TestMethodWorker.java:146)
at org.testng.internal.TestMethodWorker.run(TestMethodWorker.java:128)
at java.base/java.util.ArrayList.forEach(ArrayList.java:1511)
at org.testng.TestRunner.privateRun(TestRunner.java:794)
at org.testng.TestRunner.run(TestRunner.java:596)
at org.testng.SuiteRunner.runTest(SuiteRunner.java:377)
at org.testng.SuiteRunner.runSequentially(SuiteRunner.java:371)
at org.testng.SuiteRunner.privateRun(SuiteRunner.java:332)
at org.testng.SuiteRunner.run(SuiteRunner.java:276)
at org.testng.SuiteRunnerWorker.runSuite(SuiteRunnerWorker.java:53)
at org.testng.SuiteRunnerWorker.run(SuiteRunnerWorker.java:96)
at org.testng.TestNG.runSuitesSequentially(TestNG.java:1212)
at org.testng.TestNG.runSuitesLocally(TestNG.java:1134)
at org.testng.TestNG.runSuites(TestNG.java:1063)
at org.testng.TestNG.run(TestNG.java:1031)
at org.testng.remote.AbstractRemoteTestNG.run(AbstractRemoteTestNG.java:115)
at org.testng.remote.RemoteTestNG.initAndRun(RemoteTestNG.java:251)
at org.testng.remote.RemoteTestNG.main(RemoteTestNG.java:77)
]]>
            </full-stacktrace>
          </exception> <!-- org.openqa.selenium.ElementClickInterceptedException -->
          <reporter-output>
          </reporter-output>
        </test-method> <!-- verifyElements -->
        <test-method is-config="true" signature="tearDown()[pri:0, instance:TextNG.BookStore@74fe5c40]" started-at="2023-02-27T20:17:34 IST" name="tearDown" finished-at="2023-02-27T20:17:35 IST" duration-ms="244" status="PASS">
          <reporter-output>
          </reporter-output>
        </test-method> <!-- tearDown -->
      </class> <!-- TextNG.BookStore -->
      <class name="TextNG.RadioButton">
        <test-method is-config="true" signature="setUp()[pri:0, instance:TextNG.RadioButton@595b007d]" started-at="2023-02-27T20:12:28 IST" name="setUp" finished-at="2023-02-27T20:12:43 IST" duration-ms="14573" status="PASS">
          <reporter-output>
          </reporter-output>
        </test-method> <!-- setUp -->
        <test-method signature="verifyElements()[pri:0, instance:TextNG.RadioButton@595b007d]" started-at="2023-02-27T20:12:43 IST" name="verifyElements" finished-at="2023-02-27T20:12:44 IST" duration-ms="853" status="PASS">
          <reporter-output>
          </reporter-output>
        </test-method> <!-- verifyElements -->
        <test-method is-config="true" signature="tearDown()[pri:0, instance:TextNG.RadioButton@595b007d]" started-at="2023-02-27T20:12:44 IST" name="tearDown" finished-at="2023-02-27T20:12:45 IST" duration-ms="621" status="PASS">
          <reporter-output>
          </reporter-output>
        </test-method> <!-- tearDown -->
      </class> <!-- TextNG.RadioButton -->
      <class name="TextNG.Forms">
        <test-method is-config="true" signature="setUp()[pri:0, instance:TextNG.Forms@564fabc8]" started-at="2023-02-27T20:15:22 IST" name="setUp" finished-at="2023-02-27T20:15:33 IST" duration-ms="11354" status="PASS">
          <reporter-output>
          </reporter-output>
        </test-method> <!-- setUp -->
        <test-method signature="verifyElements()[pri:0, instance:TextNG.Forms@564fabc8]" started-at="2023-02-27T20:15:33 IST" name="verifyElements" finished-at="2023-02-27T20:15:34 IST" duration-ms="257" status="PASS">
          <reporter-output>
          </reporter-output>
        </test-method> <!-- verifyElements -->
        <test-method is-config="true" signature="tearDown()[pri:0, instance:TextNG.Forms@564fabc8]" started-at="2023-02-27T20:15:34 IST" name="tearDown" finished-at="2023-02-27T20:15:34 IST" duration-ms="264" status="PASS">
          <reporter-output>
          </reporter-output>
        </test-method> <!-- tearDown -->
      </class> <!-- TextNG.Forms -->
      <class name="TextNG.UploadAndDownload">
        <test-method is-config="true" signature="setUp()[pri:0, instance:TextNG.UploadAndDownload@6ae5aa72]" started-at="2023-02-27T20:11:18 IST" name="setUp" finished-at="2023-02-27T20:11:35 IST" duration-ms="17864" status="PASS">
          <reporter-output>
          </reporter-output>
        </test-method> <!-- setUp -->
        <test-method signature="verifyElements()[pri:0, instance:TextNG.UploadAndDownload@6ae5aa72]" started-at="2023-02-27T20:11:35 IST" name="verifyElements" finished-at="2023-02-27T20:11:39 IST" duration-ms="3346" status="FAIL">
          <exception class="java.lang.IllegalArgumentException">
            <message>
              <![CDATA[Cannot find elements when the XPath is null.]]>
            </message>
            <full-stacktrace>
              <![CDATA[java.lang.IllegalArgumentException: Cannot find elements when the XPath is null.
at org.openqa.selenium.internal.Require$ArgumentChecker.nonNull(Require.java:92)
at org.openqa.selenium.By$ByXPath.<init>(By.java:287)
at org.openqa.selenium.By.xpath(By.java:89)
at TextNG.UploadAndDownload.verifyElements(UploadAndDownload.java:44)
at java.base/jdk.internal.reflect.NativeMethodAccessorImpl.invoke0(Native Method)
at java.base/jdk.internal.reflect.NativeMethodAccessorImpl.invoke(NativeMethodAccessorImpl.java:78)
at java.base/jdk.internal.reflect.DelegatingMethodAccessorImpl.invoke(DelegatingMethodAccessorImpl.java:43)
at java.base/java.lang.reflect.Method.invoke(Method.java:567)
at org.testng.internal.MethodInvocationHelper.invokeMethod(MethodInvocationHelper.java:133)
at org.testng.internal.TestInvoker.invokeMethod(TestInvoker.java:598)
at org.testng.internal.TestInvoker.invokeTestMethod(TestInvoker.java:173)
at org.testng.internal.MethodRunner.runInSequence(MethodRunner.java:46)
at org.testng.internal.TestInvoker$MethodInvocationAgent.invoke(TestInvoker.java:824)
at org.testng.internal.TestInvoker.invokeTestMethods(TestInvoker.java:146)
at org.testng.internal.TestMethodWorker.invokeTestMethods(TestMethodWorker.java:146)
at org.testng.internal.TestMethodWorker.run(TestMethodWorker.java:128)
at java.base/java.util.ArrayList.forEach(ArrayList.java:1511)
at org.testng.TestRunner.privateRun(TestRunner.java:794)
at org.testng.TestRunner.run(TestRunner.java:596)
at org.testng.SuiteRunner.runTest(SuiteRunner.java:377)
at org.testng.SuiteRunner.runSequentially(SuiteRunner.java:371)
at org.testng.SuiteRunner.privateRun(SuiteRunner.java:332)
at org.testng.SuiteRunner.run(SuiteRunner.java:276)
at org.testng.SuiteRunnerWorker.runSuite(SuiteRunnerWorker.java:53)
at org.testng.SuiteRunnerWorker.run(SuiteRunnerWorker.java:96)
at org.testng.TestNG.runSuitesSequentially(TestNG.java:1212)
at org.testng.TestNG.runSuitesLocally(TestNG.java:1134)
at org.testng.TestNG.runSuites(TestNG.java:1063)
at org.testng.TestNG.run(TestNG.java:1031)
at org.testng.remote.AbstractRemoteTestNG.run(AbstractRemoteTestNG.java:115)
at org.testng.remote.RemoteTestNG.initAndRun(RemoteTestNG.java:251)
at org.testng.remote.RemoteTestNG.main(RemoteTestNG.java:77)
]]>
            </full-stacktrace>
          </exception> <!-- java.lang.IllegalArgumentException -->
          <reporter-output>
          </reporter-output>
        </test-method> <!-- verifyElements -->
        <test-method is-config="true" signature="tearDown()[pri:0, instance:TextNG.UploadAndDownload@6ae5aa72]" started-at="2023-02-27T20:11:39 IST" name="tearDown" finished-at="2023-02-27T20:11:39 IST" duration-ms="251" status="PASS">
          <reporter-output>
          </reporter-output>
        </test-method> <!-- tearDown -->
      </class> <!-- TextNG.UploadAndDownload -->
      <class name="TextNG.Selectable">
        <test-method is-config="true" signature="setUp()[pri:0, instance:TextNG.Selectable@7f3b84b8]" started-at="2023-02-27T20:18:47 IST" name="setUp" finished-at="2023-02-27T20:18:59 IST" duration-ms="12180" status="PASS">
          <reporter-output>
          </reporter-output>
        </test-method> <!-- setUp -->
        <test-method signature="verifyElements()[pri:0, instance:TextNG.Selectable@7f3b84b8]" started-at="2023-02-27T20:18:59 IST" name="verifyElements" finished-at="2023-02-27T20:18:59 IST" duration-ms="371" status="PASS">
          <reporter-output>
          </reporter-output>
        </test-method> <!-- verifyElements -->
        <test-method is-config="true" signature="tearDown()[pri:0, instance:TextNG.Selectable@7f3b84b8]" started-at="2023-02-27T20:18:59 IST" name="tearDown" finished-at="2023-02-27T20:19:00 IST" duration-ms="249" status="PASS">
          <reporter-output>
          </reporter-output>
        </test-method> <!-- tearDown -->
      </class> <!-- TextNG.Selectable -->
      <class name="TextNG.resizable">
        <test-method is-config="true" signature="setUp()[pri:0, instance:TextNG.resizable@5158b42f]" started-at="2023-02-27T20:12:16 IST" name="setUp" finished-at="2023-02-27T20:12:28 IST" duration-ms="11795" status="PASS">
          <reporter-output>
          </reporter-output>
        </test-method> <!-- setUp -->
        <test-method signature="verifyElements()[pri:0, instance:TextNG.resizable@5158b42f]" started-at="2023-02-27T20:12:28 IST" name="verifyElements" finished-at="2023-02-27T20:12:28 IST" duration-ms="346" status="PASS">
          <reporter-output>
          </reporter-output>
        </test-method> <!-- verifyElements -->
        <test-method is-config="true" signature="tearDown()[pri:0, instance:TextNG.resizable@5158b42f]" started-at="2023-02-27T20:12:28 IST" name="tearDown" finished-at="2023-02-27T20:12:28 IST" duration-ms="276" status="PASS">
          <reporter-output>
          </reporter-output>
        </test-method> <!-- tearDown -->
      </class> <!-- TextNG.resizable -->
      <class name="TextNG.WeekendClasses">
        <test-method is-config="true" signature="setUp()[pri:0, instance:TextNG.WeekendClasses@1189dd52]" started-at="2023-02-27T20:14:54 IST" name="setUp" finished-at="2023-02-27T20:15:07 IST" duration-ms="12659" status="PASS">
          <reporter-output>
          </reporter-output>
        </test-method> <!-- setUp -->
        <test-method signature="verifyWeekendClasses()[pri:0, instance:TextNG.WeekendClasses@1189dd52]" started-at="2023-02-27T20:15:07 IST" name="verifyWeekendClasses" finished-at="2023-02-27T20:15:07 IST" duration-ms="99" status="PASS">
          <reporter-output>
          </reporter-output>
        </test-method> <!-- verifyWeekendClasses -->
        <test-method is-config="true" signature="tearDown()[pri:0, instance:TextNG.WeekendClasses@1189dd52]" started-at="2023-02-27T20:15:07 IST" name="tearDown" finished-at="2023-02-27T20:15:07 IST" duration-ms="251" status="PASS">
          <reporter-output>
          </reporter-output>
        </test-method> <!-- tearDown -->
      </class> <!-- TextNG.WeekendClasses -->
      <class name="TextNG.ElementsCard">
        <test-method is-config="true" signature="setUp()[pri:0, instance:TextNG.ElementsCard@131774fe]" started-at="2023-02-27T20:18:12 IST" name="setUp" finished-at="2023-02-27T20:18:24 IST" duration-ms="11692" status="PASS">
          <reporter-output>
          </reporter-output>
        </test-method> <!-- setUp -->
        <test-method signature="verifyElements()[pri:0, instance:TextNG.ElementsCard@131774fe]" started-at="2023-02-27T20:18:24 IST" name="verifyElements" finished-at="2023-02-27T20:18:25 IST" duration-ms="483" status="PASS">
          <reporter-output>
          </reporter-output>
        </test-method> <!-- verifyElements -->
        <test-method is-config="true" signature="tearDown()[pri:0, instance:TextNG.ElementsCard@131774fe]" started-at="2023-02-27T20:18:25 IST" name="tearDown" finished-at="2023-02-27T20:18:25 IST" duration-ms="207" status="PASS">
          <reporter-output>
          </reporter-output>
        </test-method> <!-- tearDown -->
      </class> <!-- TextNG.ElementsCard -->
      <class name="TextNG.DatePicker">
        <test-method is-config="true" signature="setUp()[pri:0, instance:TextNG.DatePicker@79e2c065]" started-at="2023-02-27T20:13:45 IST" name="setUp" finished-at="2023-02-27T20:13:54 IST" duration-ms="9901" status="PASS">
          <reporter-output>
          </reporter-output>
        </test-method> <!-- setUp -->
        <test-method signature="verifyElements()[pri:0, instance:TextNG.DatePicker@79e2c065]" started-at="2023-02-27T20:13:54 IST" name="verifyElements" finished-at="2023-02-27T20:13:56 IST" duration-ms="1035" status="PASS">
          <reporter-output>
          </reporter-output>
        </test-method> <!-- verifyElements -->
        <test-method is-config="true" signature="tearDown()[pri:0, instance:TextNG.DatePicker@79e2c065]" started-at="2023-02-27T20:13:56 IST" name="tearDown" finished-at="2023-02-27T20:13:56 IST" duration-ms="419" status="PASS">
          <reporter-output>
          </reporter-output>
        </test-method> <!-- tearDown -->
      </class> <!-- TextNG.DatePicker -->
      <class name="TextNG.Tabs">
        <test-method is-config="true" signature="setUp()[pri:0, instance:TextNG.Tabs@399f45b1]" started-at="2023-02-27T20:13:08 IST" name="setUp" finished-at="2023-02-27T20:13:17 IST" duration-ms="8874" status="PASS">
          <reporter-output>
          </reporter-output>
        </test-method> <!-- setUp -->
        <test-method signature="verifyElements()[pri:0, instance:TextNG.Tabs@399f45b1]" started-at="2023-02-27T20:13:17 IST" name="verifyElements" finished-at="2023-02-27T20:13:18 IST" duration-ms="287" status="PASS">
          <reporter-output>
          </reporter-output>
        </test-method> <!-- verifyElements -->
        <test-method is-config="true" signature="tearDown()[pri:0, instance:TextNG.Tabs@399f45b1]" started-at="2023-02-27T20:13:18 IST" name="tearDown" finished-at="2023-02-27T20:13:18 IST" duration-ms="201" status="PASS">
          <reporter-output>
          </reporter-output>
        </test-method> <!-- tearDown -->
      </class> <!-- TextNG.Tabs -->
      <class name="TextNG.Alerts">
        <test-method is-config="true" signature="setUp()[pri:0, instance:TextNG.Alerts@436813f3]" started-at="2023-02-27T20:17:08 IST" name="setUp" finished-at="2023-02-27T20:17:17 IST" duration-ms="9528" status="PASS">
          <reporter-output>
          </reporter-output>
        </test-method> <!-- setUp -->
        <test-method signature="verifyElements()[pri:0, instance:TextNG.Alerts@436813f3]" started-at="2023-02-27T20:17:17 IST" name="verifyElements" finished-at="2023-02-27T20:17:18 IST" duration-ms="311" status="PASS">
          <reporter-output>
          </reporter-output>
        </test-method> <!-- verifyElements -->
        <test-method is-config="true" signature="tearDown()[pri:0, instance:TextNG.Alerts@436813f3]" started-at="2023-02-27T20:17:18 IST" name="tearDown" finished-at="2023-02-27T20:17:18 IST" duration-ms="242" status="PASS">
          <reporter-output>
          </reporter-output>
        </test-method> <!-- tearDown -->
      </class> <!-- TextNG.Alerts -->
      <class name="TextNG.AlertsFrames">
        <test-method is-config="true" signature="setUp()[pri:0, instance:TextNG.AlertsFrames@16d04d3d]" started-at="2023-02-27T20:15:34 IST" name="setUp" finished-at="2023-02-27T20:15:47 IST" duration-ms="13051" status="PASS">
          <reporter-output>
          </reporter-output>
        </test-method> <!-- setUp -->
        <test-method signature="verifyElements()[pri:0, instance:TextNG.AlertsFrames@16d04d3d]" started-at="2023-02-27T20:15:47 IST" name="verifyElements" finished-at="2023-02-27T20:15:47 IST" duration-ms="250" status="PASS">
          <reporter-output>
          </reporter-output>
        </test-method> <!-- verifyElements -->
        <test-method is-config="true" signature="tearDown()[pri:0, instance:TextNG.AlertsFrames@16d04d3d]" started-at="2023-02-27T20:15:47 IST" name="tearDown" finished-at="2023-02-27T20:15:47 IST" duration-ms="236" status="PASS">
          <reporter-output>
          </reporter-output>
        </test-method> <!-- tearDown -->
      </class> <!-- TextNG.AlertsFrames -->
      <class name="TextNG.BrokenLinksImages">
        <test-method is-config="true" signature="setUp()[pri:0, instance:TextNG.BrokenLinksImages@515aebb0]" started-at="2023-02-27T20:10:50 IST" name="setUp" finished-at="2023-02-27T20:11:03 IST" duration-ms="12702" status="PASS">
          <reporter-output>
          </reporter-output>
        </test-method> <!-- setUp -->
        <test-method signature="verifyElements()[pri:0, instance:TextNG.BrokenLinksImages@515aebb0]" started-at="2023-02-27T20:11:03 IST" name="verifyElements" finished-at="2023-02-27T20:11:03 IST" duration-ms="413" status="PASS">
          <reporter-output>
          </reporter-output>
        </test-method> <!-- verifyElements -->
        <test-method is-config="true" signature="tearDown()[pri:0, instance:TextNG.BrokenLinksImages@515aebb0]" started-at="2023-02-27T20:11:03 IST" name="tearDown" finished-at="2023-02-27T20:11:04 IST" duration-ms="852" status="PASS">
          <reporter-output>
          </reporter-output>
        </test-method> <!-- tearDown -->
      </class> <!-- TextNG.BrokenLinksImages -->
      <class name="TextNG.NestedFrames">
        <test-method is-config="true" signature="setUp()[pri:0, instance:TextNG.NestedFrames@7e07db1f]" started-at="2023-02-27T20:14:41 IST" name="setUp" finished-at="2023-02-27T20:14:53 IST" duration-ms="12570" status="PASS">
          <reporter-output>
          </reporter-output>
        </test-method> <!-- setUp -->
        <test-method signature="verifyElements()[pri:0, instance:TextNG.NestedFrames@7e07db1f]" started-at="2023-02-27T20:14:53 IST" name="verifyElements" finished-at="2023-02-27T20:14:54 IST" duration-ms="764" status="PASS">
          <reporter-output>
          </reporter-output>
        </test-method> <!-- verifyElements -->
        <test-method is-config="true" signature="tearDown()[pri:0, instance:TextNG.NestedFrames@7e07db1f]" started-at="2023-02-27T20:14:54 IST" name="tearDown" finished-at="2023-02-27T20:14:54 IST" duration-ms="229" status="PASS">
          <reporter-output>
          </reporter-output>
        </test-method> <!-- tearDown -->
      </class> <!-- TextNG.NestedFrames -->
      <class name="TextNG.AutoComplete">
        <test-method is-config="true" signature="setUp()[pri:0, instance:TextNG.AutoComplete@37afeb11]" started-at="2023-02-27T20:10:38 IST" name="setUp" finished-at="2023-02-27T20:10:49 IST" duration-ms="11365" status="PASS">
          <reporter-output>
          </reporter-output>
        </test-method> <!-- setUp -->
        <test-method signature="verifyElements()[pri:0, instance:TextNG.AutoComplete@37afeb11]" started-at="2023-02-27T20:10:49 IST" name="verifyElements" finished-at="2023-02-27T20:10:50 IST" duration-ms="489" status="PASS">
          <reporter-output>
          </reporter-output>
        </test-method> <!-- verifyElements -->
        <test-method is-config="true" signature="tearDown()[pri:0, instance:TextNG.AutoComplete@37afeb11]" started-at="2023-02-27T20:10:50 IST" name="tearDown" finished-at="2023-02-27T20:10:50 IST" duration-ms="232" status="PASS">
          <reporter-output>
          </reporter-output>
        </test-method> <!-- tearDown -->
      </class> <!-- TextNG.AutoComplete -->
      <class name="TextNG.CheckBox">
        <test-method is-config="true" signature="setUp()[pri:0, instance:TextNG.CheckBox@3a93b025]" started-at="2023-02-27T20:13:56 IST" name="setUp" finished-at="2023-02-27T20:14:12 IST" duration-ms="15694" status="PASS">
          <reporter-output>
          </reporter-output>
        </test-method> <!-- setUp -->
        <test-method signature="verifyElements()[pri:0, instance:TextNG.CheckBox@3a93b025]" started-at="2023-02-27T20:14:12 IST" name="verifyElements" finished-at="2023-02-27T20:14:12 IST" duration-ms="334" status="PASS">
          <reporter-output>
          </reporter-output>
        </test-method> <!-- verifyElements -->
        <test-method is-config="true" signature="tearDown()[pri:0, instance:TextNG.CheckBox@3a93b025]" started-at="2023-02-27T20:14:12 IST" name="tearDown" finished-at="2023-02-27T20:14:12 IST" duration-ms="310" status="PASS">
          <reporter-output>
          </reporter-output>
        </test-method> <!-- tearDown -->
      </class> <!-- TextNG.CheckBox -->
      <class name="TextNG.ModalDialog">
        <test-method is-config="true" signature="setUp()[pri:0, instance:TextNG.ModalDialog@1d2adfbe]" started-at="2023-02-27T20:15:58 IST" name="setUp" finished-at="2023-02-27T20:16:19 IST" duration-ms="20791" status="PASS">
          <reporter-output>
          </reporter-output>
        </test-method> <!-- setUp -->
        <test-method signature="verifyElements()[pri:0, instance:TextNG.ModalDialog@1d2adfbe]" started-at="2023-02-27T20:16:19 IST" name="verifyElements" finished-at="2023-02-27T20:16:19 IST" duration-ms="318" status="PASS">
          <reporter-output>
          </reporter-output>
        </test-method> <!-- verifyElements -->
        <test-method is-config="true" signature="tearDown()[pri:0, instance:TextNG.ModalDialog@1d2adfbe]" started-at="2023-02-27T20:16:19 IST" name="tearDown" finished-at="2023-02-27T20:16:20 IST" duration-ms="330" status="PASS">
          <reporter-output>
          </reporter-output>
        </test-method> <!-- tearDown -->
      </class> <!-- TextNG.ModalDialog -->
      <class name="TextNG.VisitMainPage">
        <test-method is-config="true" signature="setUp()[pri:0, instance:TextNG.VisitMainPage@8f4ea7c]" started-at="2023-02-27T20:16:47 IST" name="setUp" finished-at="2023-02-27T20:17:05 IST" duration-ms="17499" status="PASS">
          <reporter-output>
          </reporter-output>
        </test-method> <!-- setUp -->
        <test-method signature="verifyLogo()[pri:0, instance:TextNG.VisitMainPage@8f4ea7c]" started-at="2023-02-27T20:17:05 IST" name="verifyLogo" finished-at="2023-02-27T20:17:08 IST" duration-ms="2886" status="PASS">
          <reporter-output>
          </reporter-output>
        </test-method> <!-- verifyLogo -->
        <test-method is-config="true" signature="tearDown()[pri:0, instance:TextNG.VisitMainPage@8f4ea7c]" started-at="2023-02-27T20:17:08 IST" name="tearDown" finished-at="2023-02-27T20:17:08 IST" duration-ms="277" status="PASS">
          <reporter-output>
          </reporter-output>
        </test-method> <!-- tearDown -->
      </class> <!-- TextNG.VisitMainPage -->
      <class name="TextNG.JoinNow">
        <test-method is-config="true" signature="setUp()[pri:0, instance:TextNG.JoinNow@35cabb2a]" started-at="2023-02-27T20:14:12 IST" name="setUp" finished-at="2023-02-27T20:14:40 IST" duration-ms="28219" status="PASS">
          <reporter-output>
          </reporter-output>
        </test-method> <!-- setUp -->
        <test-method signature="verifyJoinNow()[pri:0, instance:TextNG.JoinNow@35cabb2a]" started-at="2023-02-27T20:14:40 IST" name="verifyJoinNow" finished-at="2023-02-27T20:14:41 IST" duration-ms="61" status="PASS">
          <reporter-output>
          </reporter-output>
        </test-method> <!-- verifyJoinNow -->
        <test-method is-config="true" signature="tearDown()[pri:0, instance:TextNG.JoinNow@35cabb2a]" started-at="2023-02-27T20:14:41 IST" name="tearDown" finished-at="2023-02-27T20:14:41 IST" duration-ms="180" status="PASS">
          <reporter-output>
          </reporter-output>
        </test-method> <!-- tearDown -->
      </class> <!-- TextNG.JoinNow -->
      <class name="TextNG.Slider">
        <test-method is-config="true" signature="setUp()[pri:0, instance:TextNG.Slider@38c6f217]" started-at="2023-02-27T20:13:18 IST" name="setUp" finished-at="2023-02-27T20:13:30 IST" duration-ms="11815" status="PASS">
          <reporter-output>
          </reporter-output>
        </test-method> <!-- setUp -->
        <test-method signature="verifyElements()[pri:0, instance:TextNG.Slider@38c6f217]" started-at="2023-02-27T20:13:30 IST" name="verifyElements" finished-at="2023-02-27T20:13:30 IST" duration-ms="499" status="PASS">
          <reporter-output>
          </reporter-output>
        </test-method> <!-- verifyElements -->
        <test-method is-config="true" signature="tearDown()[pri:0, instance:TextNG.Slider@38c6f217]" started-at="2023-02-27T20:13:30 IST" name="tearDown" finished-at="2023-02-27T20:13:31 IST" duration-ms="524" status="PASS">
          <reporter-output>
          </reporter-output>
        </test-method> <!-- tearDown -->
      </class> <!-- TextNG.Slider -->
      <class name="TextNG.VerifyLogo">
        <test-method is-config="true" signature="setUp()[pri:0, instance:TextNG.VerifyLogo@158d2680]" started-at="2023-02-27T20:18:25 IST" name="setUp" finished-at="2023-02-27T20:18:33 IST" duration-ms="8311" status="PASS">
          <reporter-output>
          </reporter-output>
        </test-method> <!-- setUp -->
        <test-method signature="verifyLogo()[pri:0, instance:TextNG.VerifyLogo@158d2680]" started-at="2023-02-27T20:18:33 IST" name="verifyLogo" finished-at="2023-02-27T20:18:33 IST" duration-ms="45" status="PASS">
          <reporter-output>
          </reporter-output>
        </test-method> <!-- verifyLogo -->
        <test-method is-config="true" signature="tearDown()[pri:0, instance:TextNG.VerifyLogo@158d2680]" started-at="2023-02-27T20:18:33 IST" name="tearDown" finished-at="2023-02-27T20:18:33 IST" duration-ms="184" status="PASS">
          <reporter-output>
          </reporter-output>
        </test-method> <!-- tearDown -->
      </class> <!-- TextNG.VerifyLogo -->
      <class name="TextNG.Widgets">
        <test-method is-config="true" signature="setUp()[pri:0, instance:TextNG.Widgets@223d2c72]" started-at="2023-02-27T20:16:35 IST" name="setUp" finished-at="2023-02-27T20:16:46 IST" duration-ms="11552" status="PASS">
          <reporter-output>
          </reporter-output>
        </test-method> <!-- setUp -->
        <test-method signature="verifyElements()[pri:0, instance:TextNG.Widgets@223d2c72]" started-at="2023-02-27T20:16:46 IST" name="verifyElements" finished-at="2023-02-27T20:16:47 IST" duration-ms="296" status="PASS">
          <reporter-output>
          </reporter-output>
        </test-method> <!-- verifyElements -->
        <test-method is-config="true" signature="tearDown()[pri:0, instance:TextNG.Widgets@223d2c72]" started-at="2023-02-27T20:16:47 IST" name="tearDown" finished-at="2023-02-27T20:16:47 IST" duration-ms="348" status="PASS">
          <reporter-output>
          </reporter-output>
        </test-method> <!-- tearDown -->
      </class> <!-- TextNG.Widgets -->
      <class name="TextNG.Accordian">
        <test-method is-config="true" signature="setUp()[pri:0, instance:TextNG.Accordian@57a3af25]" started-at="2023-02-27T20:19:00 IST" name="setUp" finished-at="2023-02-27T20:19:11 IST" duration-ms="11688" status="PASS">
          <reporter-output>
          </reporter-output>
        </test-method> <!-- setUp -->
        <test-method signature="verifyElements()[pri:0, instance:TextNG.Accordian@57a3af25]" started-at="2023-02-27T20:19:11 IST" name="verifyElements" finished-at="2023-02-27T20:19:12 IST" duration-ms="807" status="PASS">
          <reporter-output>
          </reporter-output>
        </test-method> <!-- verifyElements -->
        <test-method is-config="true" signature="tearDown()[pri:0, instance:TextNG.Accordian@57a3af25]" started-at="2023-02-27T20:19:12 IST" name="tearDown" finished-at="2023-02-27T20:19:12 IST" duration-ms="189" status="PASS">
          <reporter-output>
          </reporter-output>
        </test-method> <!-- tearDown -->
      </class> <!-- TextNG.Accordian -->
      <class name="TextNG.Sortable">
        <test-method is-config="true" signature="setUp()[pri:0, instance:TextNG.Sortable@77847718]" started-at="2023-02-27T20:18:33 IST" name="setUp" finished-at="2023-02-27T20:18:46 IST" duration-ms="12446" status="PASS">
          <reporter-output>
          </reporter-output>
        </test-method> <!-- setUp -->
        <test-method signature="verifyElements()[pri:0, instance:TextNG.Sortable@77847718]" started-at="2023-02-27T20:18:46 IST" name="verifyElements" finished-at="2023-02-27T20:18:47 IST" duration-ms="770" status="PASS">
          <reporter-output>
          </reporter-output>
        </test-method> <!-- verifyElements -->
        <test-method is-config="true" signature="tearDown()[pri:0, instance:TextNG.Sortable@77847718]" started-at="2023-02-27T20:18:47 IST" name="tearDown" finished-at="2023-02-27T20:18:47 IST" duration-ms="319" status="PASS">
          <reporter-output>
          </reporter-output>
        </test-method> <!-- tearDown -->
      </class> <!-- TextNG.Sortable -->
      <class name="TextNG.Interations">
        <test-method is-config="true" signature="setUp()[pri:0, instance:TextNG.Interations@478190fc]" started-at="2023-02-27T20:13:31 IST" name="setUp" finished-at="2023-02-27T20:13:44 IST" duration-ms="13259" status="PASS">
          <reporter-output>
          </reporter-output>
        </test-method> <!-- setUp -->
        <test-method signature="verifyElements()[pri:0, instance:TextNG.Interations@478190fc]" started-at="2023-02-27T20:13:44 IST" name="verifyElements" finished-at="2023-02-27T20:13:44 IST" duration-ms="340" status="PASS">
          <reporter-output>
          </reporter-output>
        </test-method> <!-- verifyElements -->
        <test-method is-config="true" signature="tearDown()[pri:0, instance:TextNG.Interations@478190fc]" started-at="2023-02-27T20:13:44 IST" name="tearDown" finished-at="2023-02-27T20:13:45 IST" duration-ms="265" status="PASS">
          <reporter-output>
          </reporter-output>
        </test-method> <!-- tearDown -->
      </class> <!-- TextNG.Interations -->
      <class name="TextNG.Droppable">
        <test-method is-config="true" signature="setUp()[pri:0, instance:TextNG.Droppable@3febb011]" started-at="2023-02-27T20:17:35 IST" name="setUp" finished-at="2023-02-27T20:17:56 IST" duration-ms="21200" status="PASS">
          <reporter-output>
          </reporter-output>
        </test-method> <!-- setUp -->
        <test-method signature="verifyElements()[pri:0, instance:TextNG.Droppable@3febb011]" started-at="2023-02-27T20:17:56 IST" name="verifyElements" finished-at="2023-02-27T20:17:57 IST" duration-ms="780" status="PASS">
          <reporter-output>
          </reporter-output>
        </test-method> <!-- verifyElements -->
        <test-method is-config="true" signature="tearDown()[pri:0, instance:TextNG.Droppable@3febb011]" started-at="2023-02-27T20:17:57 IST" name="tearDown" finished-at="2023-02-27T20:17:57 IST" duration-ms="303" status="PASS">
          <reporter-output>
          </reporter-output>
        </test-method> <!-- tearDown -->
      </class> <!-- TextNG.Droppable -->
      <class name="TextNG.TextBox">
        <test-method is-config="true" signature="setUp()[pri:0, instance:TextNG.TextBox@36bc55de]" started-at="2023-02-27T20:15:07 IST" name="setUp" finished-at="2023-02-27T20:15:21 IST" duration-ms="13630" status="PASS">
          <reporter-output>
          </reporter-output>
        </test-method> <!-- setUp -->
        <test-method signature="verifyElements()[pri:0, instance:TextNG.TextBox@36bc55de]" started-at="2023-02-27T20:15:21 IST" name="verifyElements" finished-at="2023-02-27T20:15:22 IST" duration-ms="734" status="PASS">
          <reporter-output>
          </reporter-output>
        </test-method> <!-- verifyElements -->
        <test-method is-config="true" signature="tearDown()[pri:0, instance:TextNG.TextBox@36bc55de]" started-at="2023-02-27T20:15:22 IST" name="tearDown" finished-at="2023-02-27T20:15:22 IST" duration-ms="293" status="PASS">
          <reporter-output>
          </reporter-output>
        </test-method> <!-- tearDown -->
      </class> <!-- TextNG.TextBox -->
      <class name="TextNG.Buttons">
        <test-method is-config="true" signature="setUp()[pri:0, instance:TextNG.Buttons@72d1ad2e]" started-at="2023-02-27T20:12:45 IST" name="setUp" finished-at="2023-02-27T20:12:57 IST" duration-ms="12132" status="PASS">
          <reporter-output>
          </reporter-output>
        </test-method> <!-- setUp -->
        <test-method signature="verifyElements()[pri:0, instance:TextNG.Buttons@72d1ad2e]" started-at="2023-02-27T20:12:57 IST" name="verifyElements" finished-at="2023-02-27T20:12:57 IST" duration-ms="769" status="PASS">
          <reporter-output>
          </reporter-output>
        </test-method> <!-- verifyElements -->
        <test-method is-config="true" signature="tearDown()[pri:0, instance:TextNG.Buttons@72d1ad2e]" started-at="2023-02-27T20:12:57 IST" name="tearDown" finished-at="2023-02-27T20:12:58 IST" duration-ms="395" status="PASS">
          <reporter-output>
          </reporter-output>
        </test-method> <!-- tearDown -->
      </class> <!-- TextNG.Buttons -->
      <class name="TextNG.RegualrAssignments">
        <test-method is-config="true" signature="setUp()[pri:0, instance:TextNG.RegualrAssignments@6d763516]" started-at="2023-02-27T20:10:10 IST" name="setUp" finished-at="2023-02-27T20:10:21 IST" duration-ms="11314" status="PASS">
          <reporter-output>
          </reporter-output>
        </test-method> <!-- setUp -->
        <test-method signature="verifyWeekendClasses()[pri:0, instance:TextNG.RegualrAssignments@6d763516]" started-at="2023-02-27T20:10:21 IST" name="verifyWeekendClasses" finished-at="2023-02-27T20:10:21 IST" duration-ms="1" status="FAIL">
          <exception class="java.lang.IllegalArgumentException">
            <message>
              <![CDATA[Cannot find elements when the XPath is null.]]>
            </message>
            <full-stacktrace>
              <![CDATA[java.lang.IllegalArgumentException: Cannot find elements when the XPath is null.
at org.openqa.selenium.internal.Require$ArgumentChecker.nonNull(Require.java:92)
at org.openqa.selenium.By$ByXPath.<init>(By.java:287)
at org.openqa.selenium.By.xpath(By.java:89)
at TextNG.RegualrAssignments.verifyWeekendClasses(RegualrAssignments.java:37)
at java.base/jdk.internal.reflect.NativeMethodAccessorImpl.invoke0(Native Method)
at java.base/jdk.internal.reflect.NativeMethodAccessorImpl.invoke(NativeMethodAccessorImpl.java:78)
at java.base/jdk.internal.reflect.DelegatingMethodAccessorImpl.invoke(DelegatingMethodAccessorImpl.java:43)
at java.base/java.lang.reflect.Method.invoke(Method.java:567)
at org.testng.internal.MethodInvocationHelper.invokeMethod(MethodInvocationHelper.java:133)
at org.testng.internal.TestInvoker.invokeMethod(TestInvoker.java:598)
at org.testng.internal.TestInvoker.invokeTestMethod(TestInvoker.java:173)
at org.testng.internal.MethodRunner.runInSequence(MethodRunner.java:46)
at org.testng.internal.TestInvoker$MethodInvocationAgent.invoke(TestInvoker.java:824)
at org.testng.internal.TestInvoker.invokeTestMethods(TestInvoker.java:146)
at org.testng.internal.TestMethodWorker.invokeTestMethods(TestMethodWorker.java:146)
at org.testng.internal.TestMethodWorker.run(TestMethodWorker.java:128)
at java.base/java.util.ArrayList.forEach(ArrayList.java:1511)
at org.testng.TestRunner.privateRun(TestRunner.java:794)
at org.testng.TestRunner.run(TestRunner.java:596)
at org.testng.SuiteRunner.runTest(SuiteRunner.java:377)
at org.testng.SuiteRunner.runSequentially(SuiteRunner.java:371)
at org.testng.SuiteRunner.privateRun(SuiteRunner.java:332)
at org.testng.SuiteRunner.run(SuiteRunner.java:276)
at org.testng.SuiteRunnerWorker.runSuite(SuiteRunnerWorker.java:53)
at org.testng.SuiteRunnerWorker.run(SuiteRunnerWorker.java:96)
at org.testng.TestNG.runSuitesSequentially(TestNG.java:1212)
at org.testng.TestNG.runSuitesLocally(TestNG.java:1134)
at org.testng.TestNG.runSuites(TestNG.java:1063)
at org.testng.TestNG.run(TestNG.java:1031)
at org.testng.remote.AbstractRemoteTestNG.run(AbstractRemoteTestNG.java:115)
at org.testng.remote.RemoteTestNG.initAndRun(RemoteTestNG.java:251)
at org.testng.remote.RemoteTestNG.main(RemoteTestNG.java:77)
]]>
            </full-stacktrace>
          </exception> <!-- java.lang.IllegalArgumentException -->
          <reporter-output>
          </reporter-output>
        </test-method> <!-- verifyWeekendClasses -->
        <test-method is-config="true" signature="tearDown()[pri:0, instance:TextNG.RegualrAssignments@6d763516]" started-at="2023-02-27T20:10:21 IST" name="tearDown" finished-at="2023-02-27T20:10:22 IST" duration-ms="232" status="PASS">
          <reporter-output>
          </reporter-output>
        </test-method> <!-- tearDown -->
      </class> <!-- TextNG.RegualrAssignments -->
      <class name="TextNG.PracticeForm">
        <test-method is-config="true" signature="setUp()[pri:0, instance:TextNG.PracticeForm@52bf72b5]" started-at="2023-02-27T20:10:22 IST" name="setUp" finished-at="2023-02-27T20:10:34 IST" duration-ms="12465" status="PASS">
          <reporter-output>
          </reporter-output>
        </test-method> <!-- setUp -->
        <test-method signature="verifyElements()[pri:0, instance:TextNG.PracticeForm@52bf72b5]" started-at="2023-02-27T20:10:34 IST" name="verifyElements" finished-at="2023-02-27T20:10:37 IST" duration-ms="3221" status="PASS">
          <reporter-output>
          </reporter-output>
        </test-method> <!-- verifyElements -->
        <test-method is-config="true" signature="tearDown()[pri:0, instance:TextNG.PracticeForm@52bf72b5]" started-at="2023-02-27T20:10:37 IST" name="tearDown" finished-at="2023-02-27T20:10:38 IST" duration-ms="431" status="PASS">
          <reporter-output>
          </reporter-output>
        </test-method> <!-- tearDown -->
      </class> <!-- TextNG.PracticeForm -->
      <class name="TextNG.Links">
        <test-method is-config="true" signature="setUp()[pri:0, instance:TextNG.Links@2d7275fc]" started-at="2023-02-27T20:12:58 IST" name="setUp" finished-at="2023-02-27T20:13:08 IST" duration-ms="9766" status="PASS">
          <reporter-output>
          </reporter-output>
        </test-method> <!-- setUp -->
        <test-method signature="verifyElements()[pri:0, instance:TextNG.Links@2d7275fc]" started-at="2023-02-27T20:13:08 IST" name="verifyElements" finished-at="2023-02-27T20:13:08 IST" duration-ms="559" status="PASS">
          <reporter-output>
          </reporter-output>
        </test-method> <!-- verifyElements -->
        <test-method is-config="true" signature="tearDown()[pri:0, instance:TextNG.Links@2d7275fc]" started-at="2023-02-27T20:13:08 IST" name="tearDown" finished-at="2023-02-27T20:13:08 IST" duration-ms="364" status="PASS">
          <reporter-output>
          </reporter-output>
        </test-method> <!-- tearDown -->
      </class> <!-- TextNG.Links -->
      <class name="TextNG.DynamicProperties">
        <test-method is-config="true" signature="setUp()[pri:0, instance:TextNG.DynamicProperties@dd8ba08]" started-at="2023-02-27T20:11:04 IST" name="setUp" finished-at="2023-02-27T20:11:17 IST" duration-ms="13176" status="PASS">
          <reporter-output>
          </reporter-output>
        </test-method> <!-- setUp -->
        <test-method signature="verifyElements()[pri:0, instance:TextNG.DynamicProperties@dd8ba08]" started-at="2023-02-27T20:11:17 IST" name="verifyElements" finished-at="2023-02-27T20:11:17 IST" duration-ms="314" status="PASS">
          <reporter-output>
          </reporter-output>
        </test-method> <!-- verifyElements -->
        <test-method is-config="true" signature="tearDown()[pri:0, instance:TextNG.DynamicProperties@dd8ba08]" started-at="2023-02-27T20:11:17 IST" name="tearDown" finished-at="2023-02-27T20:11:18 IST" duration-ms="204" status="PASS">
          <reporter-output>
          </reporter-output>
        </test-method> <!-- tearDown -->
      </class> <!-- TextNG.DynamicProperties -->
      <class name="TextNG.Menu">
        <test-method is-config="true" signature="setUp()[pri:0, instance:TextNG.Menu@59fd97a8]" started-at="2023-02-27T20:09:19 IST" name="setUp" finished-at="2023-02-27T20:09:52 IST" duration-ms="33058" status="PASS">
          <reporter-output>
          </reporter-output>
        </test-method> <!-- setUp -->
        <test-method signature="verifyElements()[pri:0, instance:TextNG.Menu@59fd97a8]" started-at="2023-02-27T20:09:52 IST" name="verifyElements" finished-at="2023-02-27T20:09:53 IST" duration-ms="461" status="PASS">
          <reporter-output>
          </reporter-output>
        </test-method> <!-- verifyElements -->
        <test-method is-config="true" signature="tearDown()[pri:0, instance:TextNG.Menu@59fd97a8]" started-at="2023-02-27T20:09:53 IST" name="tearDown" finished-at="2023-02-27T20:09:53 IST" duration-ms="217" status="PASS">
          <reporter-output>
          </reporter-output>
        </test-method> <!-- tearDown -->
      </class> <!-- TextNG.Menu -->
      <class name="TextNG.ProgressBar">
        <test-method is-config="true" signature="setUp()[pri:0, instance:TextNG.ProgressBar@222545dc]" started-at="2023-02-27T20:11:39 IST" name="setUp" finished-at="2023-02-27T20:11:50 IST" duration-ms="11021" status="PASS">
          <reporter-output>
          </reporter-output>
        </test-method> <!-- setUp -->
        <test-method signature="verifyElements()[pri:0, instance:TextNG.ProgressBar@222545dc]" started-at="2023-02-27T20:11:50 IST" name="verifyElements" finished-at="2023-02-27T20:11:50 IST" duration-ms="314" status="PASS">
          <reporter-output>
          </reporter-output>
        </test-method> <!-- verifyElements -->
        <test-method is-config="true" signature="tearDown()[pri:0, instance:TextNG.ProgressBar@222545dc]" started-at="2023-02-27T20:11:50 IST" name="tearDown" finished-at="2023-02-27T20:11:51 IST" duration-ms="641" status="PASS">
          <reporter-output>
          </reporter-output>
        </test-method> <!-- tearDown -->
      </class> <!-- TextNG.ProgressBar -->
      <class name="TextNG.BrowserWindow">
        <test-method is-config="true" signature="setUp()[pri:0, instance:TextNG.BrowserWindow@49ec71f8]" started-at="2023-02-27T20:15:47 IST" name="setUp" finished-at="2023-02-27T20:15:57 IST" duration-ms="10068" status="PASS">
          <reporter-output>
          </reporter-output>
        </test-method> <!-- setUp -->
        <test-method signature="verifyElements()[pri:0, instance:TextNG.BrowserWindow@49ec71f8]" started-at="2023-02-27T20:15:57 IST" name="verifyElements" finished-at="2023-02-27T20:15:58 IST" duration-ms="540" status="PASS">
          <reporter-output>
          </reporter-output>
        </test-method> <!-- verifyElements -->
        <test-method is-config="true" signature="tearDown()[pri:0, instance:TextNG.BrowserWindow@49ec71f8]" started-at="2023-02-27T20:15:58 IST" name="tearDown" finished-at="2023-02-27T20:15:58 IST" duration-ms="266" status="PASS">
          <reporter-output>
          </reporter-output>
        </test-method> <!-- tearDown -->
      </class> <!-- TextNG.BrowserWindow -->
    </test> <!-- Test -->
  </suite> <!-- Suite -->
</testng-results>
